This is pdfTeX, Version 3.141592653-2.6-1.40.26 (TeX Live 2024) (preloaded format=pdflatex 2024.5.31)  7 JAN 2025 08:23
entering extended mode
 restricted \write18 enabled.
 file:line:error style messages enabled.
 %&-line parsing enabled.
**talk1.tex
(./talk1.tex
LaTeX2e <2023-11-01> patch level 1
L3 programming layer <2024-02-20>
(/usr/local/texlive/2024/texmf-dist/tex/latex/beamer/beamer.cls
Document Class: beamer 2024/01/06 v3.71 A class for typesetting presentations
(/usr/local/texlive/2024/texmf-dist/tex/latex/beamer/beamerbasemodes.sty
(/usr/local/texlive/2024/texmf-dist/tex/latex/etoolbox/etoolbox.sty
Package: etoolbox 2020/10/05 v2.5k e-TeX tools for LaTeX (JAW)
\etb@tempcnta=\count188
)
\beamer@tempbox=\box51
\beamer@tempcount=\count189
\c@beamerpauses=\count190

(/usr/local/texlive/2024/texmf-dist/tex/latex/beamer/beamerbasedecode.sty
\beamer@slideinframe=\count191
\beamer@minimum=\count192
\beamer@decode@box=\box52
)
\beamer@commentbox=\box53
\beamer@modecount=\count193
)
(/usr/local/texlive/2024/texmf-dist/tex/generic/iftex/iftex.sty
Package: iftex 2022/02/03 v1.0f TeX engine tests
)
\headdp=\dimen140
\footheight=\dimen141
\sidebarheight=\dimen142
\beamer@tempdim=\dimen143
\beamer@finalheight=\dimen144
\beamer@animht=\dimen145
\beamer@animdp=\dimen146
\beamer@animwd=\dimen147
\beamer@leftmargin=\dimen148
\beamer@rightmargin=\dimen149
\beamer@leftsidebar=\dimen150
\beamer@rightsidebar=\dimen151
\beamer@boxsize=\dimen152
\beamer@vboxoffset=\dimen153
\beamer@descdefault=\dimen154
\beamer@descriptionwidth=\dimen155
\beamer@lastskip=\skip48
\beamer@areabox=\box54
\beamer@animcurrent=\box55
\beamer@animshowbox=\box56
\beamer@sectionbox=\box57
\beamer@logobox=\box58
\beamer@linebox=\box59
\beamer@sectioncount=\count194
\beamer@subsubsectionmax=\count195
\beamer@subsectionmax=\count196
\beamer@sectionmax=\count197
\beamer@totalheads=\count198
\beamer@headcounter=\count199
\beamer@partstartpage=\count266
\beamer@sectionstartpage=\count267
\beamer@subsectionstartpage=\count268
\beamer@animationtempa=\count269
\beamer@animationtempb=\count270
\beamer@xpos=\count271
\beamer@ypos=\count272
\beamer@ypos@offset=\count273
\beamer@showpartnumber=\count274
\beamer@currentsubsection=\count275
\beamer@coveringdepth=\count276
\beamer@sectionadjust=\count277
\beamer@toclastsection=\count278
\beamer@tocsectionnumber=\count279

(/usr/local/texlive/2024/texmf-dist/tex/latex/beamer/beamerbaseoptions.sty
(/usr/local/texlive/2024/texmf-dist/tex/latex/graphics/keyval.sty
Package: keyval 2022/05/29 v1.15 key=value parser (DPC)
\KV@toks@=\toks17
))
\beamer@paperwidth=\skip49
\beamer@paperheight=\skip50

(/usr/local/texlive/2024/texmf-dist/tex/latex/geometry/geometry.sty
Package: geometry 2020/01/02 v5.9 Page Geometry

(/usr/local/texlive/2024/texmf-dist/tex/generic/iftex/ifvtex.sty
Package: ifvtex 2019/10/25 v1.7 ifvtex legacy package. Use iftex instead.
)
\Gm@cnth=\count280
\Gm@cntv=\count281
\c@Gm@tempcnt=\count282
\Gm@bindingoffset=\dimen156
\Gm@wd@mp=\dimen157
\Gm@odd@mp=\dimen158
\Gm@even@mp=\dimen159
\Gm@layoutwidth=\dimen160
\Gm@layoutheight=\dimen161
\Gm@layouthoffset=\dimen162
\Gm@layoutvoffset=\dimen163
\Gm@dimlist=\toks18
)
(/usr/local/texlive/2024/texmf-dist/tex/latex/pgf/math/pgfmath.sty
(/usr/local/texlive/2024/texmf-dist/tex/latex/pgf/utilities/pgfrcs.sty
(/usr/local/texlive/2024/texmf-dist/tex/generic/pgf/utilities/pgfutil-common.te
x
\pgfutil@everybye=\toks19
\pgfutil@tempdima=\dimen164
\pgfutil@tempdimb=\dimen165
)
(/usr/local/texlive/2024/texmf-dist/tex/generic/pgf/utilities/pgfutil-latex.def
\pgfutil@abb=\box60
) (/usr/local/texlive/2024/texmf-dist/tex/generic/pgf/utilities/pgfrcs.code.tex
(/usr/local/texlive/2024/texmf-dist/tex/generic/pgf/pgf.revision.tex)
Package: pgfrcs 2023-01-15 v3.1.10 (3.1.10)
))
(/usr/local/texlive/2024/texmf-dist/tex/latex/pgf/utilities/pgfkeys.sty
(/usr/local/texlive/2024/texmf-dist/tex/generic/pgf/utilities/pgfkeys.code.tex
\pgfkeys@pathtoks=\toks20
\pgfkeys@temptoks=\toks21

(/usr/local/texlive/2024/texmf-dist/tex/generic/pgf/utilities/pgfkeyslibraryfil
tered.code.tex
\pgfkeys@tmptoks=\toks22
)))
(/usr/local/texlive/2024/texmf-dist/tex/generic/pgf/math/pgfmath.code.tex
(/usr/local/texlive/2024/texmf-dist/tex/generic/pgf/math/pgfmathutil.code.tex
\pgf@x=\dimen166
\pgf@xa=\dimen167
\pgf@xb=\dimen168
\pgf@xc=\dimen169
\pgf@y=\dimen170
\pgf@ya=\dimen171
\pgf@yb=\dimen172
\pgf@yc=\dimen173
\c@pgf@counta=\count283
\c@pgf@countb=\count284
\c@pgf@countc=\count285
\c@pgf@countd=\count286
)
(/usr/local/texlive/2024/texmf-dist/tex/generic/pgf/math/pgfmathparser.code.tex
\pgfmath@dimen=\dimen174
\pgfmath@count=\count287
\pgfmath@box=\box61
\pgfmath@toks=\toks23
\pgfmath@stack@operand=\toks24
\pgfmath@stack@operation=\toks25
)
(/usr/local/texlive/2024/texmf-dist/tex/generic/pgf/math/pgfmathfunctions.code.
tex)
(/usr/local/texlive/2024/texmf-dist/tex/generic/pgf/math/pgfmathfunctions.basic
.code.tex)
(/usr/local/texlive/2024/texmf-dist/tex/generic/pgf/math/pgfmathfunctions.trigo
nometric.code.tex)
(/usr/local/texlive/2024/texmf-dist/tex/generic/pgf/math/pgfmathfunctions.rando
m.code.tex)
(/usr/local/texlive/2024/texmf-dist/tex/generic/pgf/math/pgfmathfunctions.compa
rison.code.tex)
(/usr/local/texlive/2024/texmf-dist/tex/generic/pgf/math/pgfmathfunctions.base.
code.tex)
(/usr/local/texlive/2024/texmf-dist/tex/generic/pgf/math/pgfmathfunctions.round
.code.tex)
(/usr/local/texlive/2024/texmf-dist/tex/generic/pgf/math/pgfmathfunctions.misc.
code.tex)
(/usr/local/texlive/2024/texmf-dist/tex/generic/pgf/math/pgfmathfunctions.integ
erarithmetics.code.tex)
(/usr/local/texlive/2024/texmf-dist/tex/generic/pgf/math/pgfmathcalc.code.tex)
(/usr/local/texlive/2024/texmf-dist/tex/generic/pgf/math/pgfmathfloat.code.tex
\c@pgfmathroundto@lastzeros=\count288
))) (/usr/local/texlive/2024/texmf-dist/tex/latex/base/size11.clo
File: size11.clo 2023/05/17 v1.4n Standard LaTeX file (size option)
)
(/usr/local/texlive/2024/texmf-dist/tex/latex/pgf/basiclayer/pgfcore.sty
(/usr/local/texlive/2024/texmf-dist/tex/latex/graphics/graphicx.sty
Package: graphicx 2021/09/16 v1.2d Enhanced LaTeX Graphics (DPC,SPQR)

(/usr/local/texlive/2024/texmf-dist/tex/latex/graphics/graphics.sty
Package: graphics 2022/03/10 v1.4e Standard LaTeX Graphics (DPC,SPQR)

(/usr/local/texlive/2024/texmf-dist/tex/latex/graphics/trig.sty
Package: trig 2021/08/11 v1.11 sin cos tan (DPC)
)
(/usr/local/texlive/2024/texmf-dist/tex/latex/graphics-cfg/graphics.cfg
File: graphics.cfg 2016/06/04 v1.11 sample graphics configuration
)
Package graphics Info: Driver file: pdftex.def on input line 107.

(/usr/local/texlive/2024/texmf-dist/tex/latex/graphics-def/pdftex.def
File: pdftex.def 2022/09/22 v1.2b Graphics/color driver for pdftex
))
\Gin@req@height=\dimen175
\Gin@req@width=\dimen176
)
(/usr/local/texlive/2024/texmf-dist/tex/latex/pgf/systemlayer/pgfsys.sty
(/usr/local/texlive/2024/texmf-dist/tex/generic/pgf/systemlayer/pgfsys.code.tex
Package: pgfsys 2023-01-15 v3.1.10 (3.1.10)
\pgf@x=\dimen177
\pgf@y=\dimen178
\pgf@xa=\dimen179
\pgf@ya=\dimen180
\pgf@xb=\dimen181
\pgf@yb=\dimen182
\pgf@xc=\dimen183
\pgf@yc=\dimen184
\pgf@xd=\dimen185
\pgf@yd=\dimen186
\w@pgf@writea=\write3
\r@pgf@reada=\read2
\c@pgf@counta=\count289
\c@pgf@countb=\count290
\c@pgf@countc=\count291
\c@pgf@countd=\count292
\t@pgf@toka=\toks26
\t@pgf@tokb=\toks27
\t@pgf@tokc=\toks28
\pgf@sys@id@count=\count293
(/usr/local/texlive/2024/texmf-dist/tex/generic/pgf/systemlayer/pgf.cfg
File: pgf.cfg 2023-01-15 v3.1.10 (3.1.10)
)
Driver file for pgf: pgfsys-pdftex.def

(/usr/local/texlive/2024/texmf-dist/tex/generic/pgf/systemlayer/pgfsys-pdftex.d
ef
File: pgfsys-pdftex.def 2023-01-15 v3.1.10 (3.1.10)

(/usr/local/texlive/2024/texmf-dist/tex/generic/pgf/systemlayer/pgfsys-common-p
df.def
File: pgfsys-common-pdf.def 2023-01-15 v3.1.10 (3.1.10)
)))
(/usr/local/texlive/2024/texmf-dist/tex/generic/pgf/systemlayer/pgfsyssoftpath.
code.tex
File: pgfsyssoftpath.code.tex 2023-01-15 v3.1.10 (3.1.10)
\pgfsyssoftpath@smallbuffer@items=\count294
\pgfsyssoftpath@bigbuffer@items=\count295
)
(/usr/local/texlive/2024/texmf-dist/tex/generic/pgf/systemlayer/pgfsysprotocol.
code.tex
File: pgfsysprotocol.code.tex 2023-01-15 v3.1.10 (3.1.10)
)) (/usr/local/texlive/2024/texmf-dist/tex/latex/xcolor/xcolor.sty
Package: xcolor 2023/11/15 v3.01 LaTeX color extensions (UK)

(/usr/local/texlive/2024/texmf-dist/tex/latex/graphics-cfg/color.cfg
File: color.cfg 2016/01/02 v1.6 sample color configuration
)
Package xcolor Info: Driver file: pdftex.def on input line 274.

(/usr/local/texlive/2024/texmf-dist/tex/latex/graphics/mathcolor.ltx)
Package xcolor Info: Model `cmy' substituted by `cmy0' on input line 1350.
Package xcolor Info: Model `hsb' substituted by `rgb' on input line 1354.
Package xcolor Info: Model `RGB' extended on input line 1366.
Package xcolor Info: Model `HTML' substituted by `rgb' on input line 1368.
Package xcolor Info: Model `Hsb' substituted by `hsb' on input line 1369.
Package xcolor Info: Model `tHsb' substituted by `hsb' on input line 1370.
Package xcolor Info: Model `HSB' substituted by `hsb' on input line 1371.
Package xcolor Info: Model `Gray' substituted by `gray' on input line 1372.
Package xcolor Info: Model `wave' substituted by `hsb' on input line 1373.
)
(/usr/local/texlive/2024/texmf-dist/tex/generic/pgf/basiclayer/pgfcore.code.tex
Package: pgfcore 2023-01-15 v3.1.10 (3.1.10)
(/usr/local/texlive/2024/texmf-dist/tex/generic/pgf/math/pgfint.code.tex)
(/usr/local/texlive/2024/texmf-dist/tex/generic/pgf/basiclayer/pgfcorepoints.co
de.tex
File: pgfcorepoints.code.tex 2023-01-15 v3.1.10 (3.1.10)
\pgf@picminx=\dimen187
\pgf@picmaxx=\dimen188
\pgf@picminy=\dimen189
\pgf@picmaxy=\dimen190
\pgf@pathminx=\dimen191
\pgf@pathmaxx=\dimen192
\pgf@pathminy=\dimen193
\pgf@pathmaxy=\dimen194
\pgf@xx=\dimen195
\pgf@xy=\dimen196
\pgf@yx=\dimen197
\pgf@yy=\dimen198
\pgf@zx=\dimen199
\pgf@zy=\dimen256
)
(/usr/local/texlive/2024/texmf-dist/tex/generic/pgf/basiclayer/pgfcorepathconst
ruct.code.tex
File: pgfcorepathconstruct.code.tex 2023-01-15 v3.1.10 (3.1.10)
\pgf@path@lastx=\dimen257
\pgf@path@lasty=\dimen258
)
(/usr/local/texlive/2024/texmf-dist/tex/generic/pgf/basiclayer/pgfcorepathusage
.code.tex
File: pgfcorepathusage.code.tex 2023-01-15 v3.1.10 (3.1.10)
\pgf@shorten@end@additional=\dimen259
\pgf@shorten@start@additional=\dimen260
)
(/usr/local/texlive/2024/texmf-dist/tex/generic/pgf/basiclayer/pgfcorescopes.co
de.tex
File: pgfcorescopes.code.tex 2023-01-15 v3.1.10 (3.1.10)
\pgfpic=\box62
\pgf@hbox=\box63
\pgf@layerbox@main=\box64
\pgf@picture@serial@count=\count296
)
(/usr/local/texlive/2024/texmf-dist/tex/generic/pgf/basiclayer/pgfcoregraphicst
ate.code.tex
File: pgfcoregraphicstate.code.tex 2023-01-15 v3.1.10 (3.1.10)
\pgflinewidth=\dimen261
)
(/usr/local/texlive/2024/texmf-dist/tex/generic/pgf/basiclayer/pgfcoretransform
ations.code.tex
File: pgfcoretransformations.code.tex 2023-01-15 v3.1.10 (3.1.10)
\pgf@pt@x=\dimen262
\pgf@pt@y=\dimen263
\pgf@pt@temp=\dimen264
)
(/usr/local/texlive/2024/texmf-dist/tex/generic/pgf/basiclayer/pgfcorequick.cod
e.tex
File: pgfcorequick.code.tex 2023-01-15 v3.1.10 (3.1.10)
)
(/usr/local/texlive/2024/texmf-dist/tex/generic/pgf/basiclayer/pgfcoreobjects.c
ode.tex
File: pgfcoreobjects.code.tex 2023-01-15 v3.1.10 (3.1.10)
)
(/usr/local/texlive/2024/texmf-dist/tex/generic/pgf/basiclayer/pgfcorepathproce
ssing.code.tex
File: pgfcorepathprocessing.code.tex 2023-01-15 v3.1.10 (3.1.10)
)
(/usr/local/texlive/2024/texmf-dist/tex/generic/pgf/basiclayer/pgfcorearrows.co
de.tex
File: pgfcorearrows.code.tex 2023-01-15 v3.1.10 (3.1.10)
\pgfarrowsep=\dimen265
)
(/usr/local/texlive/2024/texmf-dist/tex/generic/pgf/basiclayer/pgfcoreshade.cod
e.tex
File: pgfcoreshade.code.tex 2023-01-15 v3.1.10 (3.1.10)
\pgf@max=\dimen266
\pgf@sys@shading@range@num=\count297
\pgf@shadingcount=\count298
)
(/usr/local/texlive/2024/texmf-dist/tex/generic/pgf/basiclayer/pgfcoreimage.cod
e.tex
File: pgfcoreimage.code.tex 2023-01-15 v3.1.10 (3.1.10)
)
(/usr/local/texlive/2024/texmf-dist/tex/generic/pgf/basiclayer/pgfcoreexternal.
code.tex
File: pgfcoreexternal.code.tex 2023-01-15 v3.1.10 (3.1.10)
\pgfexternal@startupbox=\box65
)
(/usr/local/texlive/2024/texmf-dist/tex/generic/pgf/basiclayer/pgfcorelayers.co
de.tex
File: pgfcorelayers.code.tex 2023-01-15 v3.1.10 (3.1.10)
)
(/usr/local/texlive/2024/texmf-dist/tex/generic/pgf/basiclayer/pgfcoretranspare
ncy.code.tex
File: pgfcoretransparency.code.tex 2023-01-15 v3.1.10 (3.1.10)
)
(/usr/local/texlive/2024/texmf-dist/tex/generic/pgf/basiclayer/pgfcorepatterns.
code.tex
File: pgfcorepatterns.code.tex 2023-01-15 v3.1.10 (3.1.10)
)
(/usr/local/texlive/2024/texmf-dist/tex/generic/pgf/basiclayer/pgfcorerdf.code.
tex
File: pgfcorerdf.code.tex 2023-01-15 v3.1.10 (3.1.10)
))) (/usr/local/texlive/2024/texmf-dist/tex/latex/pgf/utilities/xxcolor.sty
Package: xxcolor 2003/10/24 ver 0.1
\XC@nummixins=\count299
\XC@countmixins=\count300
) (/usr/local/texlive/2024/texmf-dist/tex/latex/base/atbegshi-ltx.sty
Package: atbegshi-ltx 2021/01/10 v1.0c Emulation of the original atbegshi
package with kernel methods
)
(/usr/local/texlive/2024/texmf-dist/tex/latex/hyperref/hyperref.sty
Package: hyperref 2024-01-20 v7.01h Hypertext links for LaTeX

(/usr/local/texlive/2024/texmf-dist/tex/latex/kvsetkeys/kvsetkeys.sty
Package: kvsetkeys 2022-10-05 v1.19 Key value parser (HO)
)
(/usr/local/texlive/2024/texmf-dist/tex/generic/kvdefinekeys/kvdefinekeys.sty
Package: kvdefinekeys 2019-12-19 v1.6 Define keys (HO)
)
(/usr/local/texlive/2024/texmf-dist/tex/generic/pdfescape/pdfescape.sty
Package: pdfescape 2019/12/09 v1.15 Implements pdfTeX's escape features (HO)

(/usr/local/texlive/2024/texmf-dist/tex/generic/ltxcmds/ltxcmds.sty
Package: ltxcmds 2023-12-04 v1.26 LaTeX kernel commands for general use (HO)
)
(/usr/local/texlive/2024/texmf-dist/tex/generic/pdftexcmds/pdftexcmds.sty
Package: pdftexcmds 2020-06-27 v0.33 Utility functions of pdfTeX for LuaTeX (HO
)

(/usr/local/texlive/2024/texmf-dist/tex/generic/infwarerr/infwarerr.sty
Package: infwarerr 2019/12/03 v1.5 Providing info/warning/error messages (HO)
)
Package pdftexcmds Info: \pdf@primitive is available.
Package pdftexcmds Info: \pdf@ifprimitive is available.
Package pdftexcmds Info: \pdfdraftmode found.
))
(/usr/local/texlive/2024/texmf-dist/tex/latex/hycolor/hycolor.sty
Package: hycolor 2020-01-27 v1.10 Color options for hyperref/bookmark (HO)
)
(/usr/local/texlive/2024/texmf-dist/tex/latex/auxhook/auxhook.sty
Package: auxhook 2019-12-17 v1.6 Hooks for auxiliary files (HO)
)
(/usr/local/texlive/2024/texmf-dist/tex/latex/hyperref/nameref.sty
Package: nameref 2023-11-26 v2.56 Cross-referencing by name of section

(/usr/local/texlive/2024/texmf-dist/tex/latex/refcount/refcount.sty
Package: refcount 2019/12/15 v3.6 Data extraction from label references (HO)
)
(/usr/local/texlive/2024/texmf-dist/tex/generic/gettitlestring/gettitlestring.s
ty
Package: gettitlestring 2019/12/15 v1.6 Cleanup title references (HO)
 (/usr/local/texlive/2024/texmf-dist/tex/latex/kvoptions/kvoptions.sty
Package: kvoptions 2022-06-15 v3.15 Key value format for package options (HO)
))
\c@section@level=\count301
)
\@linkdim=\dimen267
\Hy@linkcounter=\count302
\Hy@pagecounter=\count303

(/usr/local/texlive/2024/texmf-dist/tex/latex/hyperref/pd1enc.def
File: pd1enc.def 2024-01-20 v7.01h Hyperref: PDFDocEncoding definition (HO)
Now handling font encoding PD1 ...
... no UTF-8 mapping file for font encoding PD1
)
(/usr/local/texlive/2024/texmf-dist/tex/generic/intcalc/intcalc.sty
Package: intcalc 2019/12/15 v1.3 Expandable calculations with integers (HO)
)
\Hy@SavedSpaceFactor=\count304

(/usr/local/texlive/2024/texmf-dist/tex/latex/hyperref/puenc.def
File: puenc.def 2024-01-20 v7.01h Hyperref: PDF Unicode definition (HO)
Now handling font encoding PU ...
... no UTF-8 mapping file for font encoding PU
)
Package hyperref Info: Option `bookmarks' set `true' on input line 4062.
Package hyperref Info: Option `bookmarksopen' set `true' on input line 4062.
Package hyperref Info: Option `implicit' set `false' on input line 4062.
Package hyperref Info: Hyper figures OFF on input line 4179.
Package hyperref Info: Link nesting OFF on input line 4184.
Package hyperref Info: Hyper index ON on input line 4187.
Package hyperref Info: Plain pages OFF on input line 4194.
Package hyperref Info: Backreferencing OFF on input line 4199.
Package hyperref Info: Implicit mode OFF; no redefinition of LaTeX internals.
Package hyperref Info: Bookmarks ON on input line 4446.
\c@Hy@tempcnt=\count305

(/usr/local/texlive/2024/texmf-dist/tex/latex/url/url.sty
\Urlmuskip=\muskip16
Package: url 2013/09/16  ver 3.4  Verb mode for urls, etc.
)
LaTeX Info: Redefining \url on input line 4784.
\XeTeXLinkMargin=\dimen268

(/usr/local/texlive/2024/texmf-dist/tex/generic/bitset/bitset.sty
Package: bitset 2019/12/09 v1.3 Handle bit-vector datatype (HO)

(/usr/local/texlive/2024/texmf-dist/tex/generic/bigintcalc/bigintcalc.sty
Package: bigintcalc 2019/12/15 v1.5 Expandable calculations on big integers (HO
)
))
\Fld@menulength=\count306
\Field@Width=\dimen269
\Fld@charsize=\dimen270
Package hyperref Info: Hyper figures OFF on input line 6063.
Package hyperref Info: Link nesting OFF on input line 6068.
Package hyperref Info: Hyper index ON on input line 6071.
Package hyperref Info: backreferencing OFF on input line 6078.
Package hyperref Info: Link coloring OFF on input line 6083.
Package hyperref Info: Link coloring with OCG OFF on input line 6088.
Package hyperref Info: PDF/A mode OFF on input line 6093.
\Hy@abspage=\count307


Package hyperref Message: Stopped early.

)
Package hyperref Info: Driver (autodetected): hpdftex.
 (/usr/local/texlive/2024/texmf-dist/tex/latex/hyperref/hpdftex.def
File: hpdftex.def 2024-01-20 v7.01h Hyperref driver for pdfTeX

(/usr/local/texlive/2024/texmf-dist/tex/latex/base/atveryend-ltx.sty
Package: atveryend-ltx 2020/08/19 v1.0a Emulation of the original atveryend pac
kage
with kernel methods
)
\Fld@listcount=\count308
\c@bookmark@seq@number=\count309

(/usr/local/texlive/2024/texmf-dist/tex/latex/rerunfilecheck/rerunfilecheck.sty
Package: rerunfilecheck 2022-07-10 v1.10 Rerun checks for auxiliary files (HO)

(/usr/local/texlive/2024/texmf-dist/tex/generic/uniquecounter/uniquecounter.sty
Package: uniquecounter 2019/12/15 v1.4 Provide unlimited unique counter (HO)
)
Package uniquecounter Info: New unique counter `rerunfilecheck' on input line 2
85.
)) (/usr/local/texlive/2024/texmf-dist/tex/latex/beamer/beamerbaserequires.sty
(/usr/local/texlive/2024/texmf-dist/tex/latex/beamer/beamerbasecompatibility.st
y) (/usr/local/texlive/2024/texmf-dist/tex/latex/beamer/beamerbasefont.sty
(/usr/local/texlive/2024/texmf-dist/tex/latex/amsfonts/amssymb.sty
Package: amssymb 2013/01/14 v3.01 AMS font symbols

(/usr/local/texlive/2024/texmf-dist/tex/latex/amsfonts/amsfonts.sty
Package: amsfonts 2013/01/14 v3.01 Basic AMSFonts support
\@emptytoks=\toks29
\symAMSa=\mathgroup4
\symAMSb=\mathgroup5
LaTeX Font Info:    Redeclaring math symbol \hbar on input line 98.
LaTeX Font Info:    Overwriting math alphabet `\mathfrak' in version `bold'
(Font)                  U/euf/m/n --> U/euf/b/n on input line 106.
))
(/usr/local/texlive/2024/texmf-dist/tex/latex/sansmathaccent/sansmathaccent.sty
Package: sansmathaccent 2020/01/31
(/usr/local/texlive/2024/texmf-dist/tex/latex/koma-script/scrlfile.sty
Package: scrlfile 2023/07/07 v3.41 KOMA-Script package (file load hooks)

(/usr/local/texlive/2024/texmf-dist/tex/latex/koma-script/scrlfile-hook.sty
Package: scrlfile-hook 2023/07/07 v3.41 KOMA-Script package (using LaTeX hooks)


(/usr/local/texlive/2024/texmf-dist/tex/latex/koma-script/scrlogo.sty
Package: scrlogo 2023/07/07 v3.41 KOMA-Script package (logo)
)))))
(/usr/local/texlive/2024/texmf-dist/tex/latex/beamer/beamerbasetranslator.sty
(/usr/local/texlive/2024/texmf-dist/tex/latex/translator/translator.sty
Package: translator 2021-05-31 v1.12d Easy translation of strings in LaTeX
))
(/usr/local/texlive/2024/texmf-dist/tex/latex/beamer/beamerbasemisc.sty)
(/usr/local/texlive/2024/texmf-dist/tex/latex/beamer/beamerbasetwoscreens.sty)
(/usr/local/texlive/2024/texmf-dist/tex/latex/beamer/beamerbaseoverlay.sty
\beamer@argscount=\count310
\beamer@lastskipcover=\skip51
\beamer@trivlistdepth=\count311
)
(/usr/local/texlive/2024/texmf-dist/tex/latex/beamer/beamerbasetitle.sty)
(/usr/local/texlive/2024/texmf-dist/tex/latex/beamer/beamerbasesection.sty
\c@lecture=\count312
\c@part=\count313
\c@section=\count314
\c@subsection=\count315
\c@subsubsection=\count316
)
(/usr/local/texlive/2024/texmf-dist/tex/latex/beamer/beamerbaseframe.sty
\beamer@framebox=\box66
\beamer@frametitlebox=\box67
\beamer@zoombox=\box68
\beamer@zoomcount=\count317
\beamer@zoomframecount=\count318
\beamer@frametextheight=\dimen271
\c@subsectionslide=\count319
\beamer@frametopskip=\skip52
\beamer@framebottomskip=\skip53
\beamer@frametopskipautobreak=\skip54
\beamer@framebottomskipautobreak=\skip55
\beamer@envbody=\toks30
\framewidth=\dimen272
\c@framenumber=\count320
)
(/usr/local/texlive/2024/texmf-dist/tex/latex/beamer/beamerbaseverbatim.sty
\beamer@verbatimfileout=\write4
)
(/usr/local/texlive/2024/texmf-dist/tex/latex/beamer/beamerbaseframesize.sty
\beamer@splitbox=\box69
\beamer@autobreakcount=\count321
\beamer@autobreaklastheight=\dimen273
\beamer@frametitletoks=\toks31
\beamer@framesubtitletoks=\toks32
)
(/usr/local/texlive/2024/texmf-dist/tex/latex/beamer/beamerbaseframecomponents.
sty
\beamer@footins=\box70
) (/usr/local/texlive/2024/texmf-dist/tex/latex/beamer/beamerbasecolor.sty)
(/usr/local/texlive/2024/texmf-dist/tex/latex/beamer/beamerbasenotes.sty
\beamer@frameboxcopy=\box71
)
(/usr/local/texlive/2024/texmf-dist/tex/latex/beamer/beamerbasetoc.sty)
(/usr/local/texlive/2024/texmf-dist/tex/latex/beamer/beamerbasetemplates.sty
\beamer@sbttoks=\toks33

(/usr/local/texlive/2024/texmf-dist/tex/latex/beamer/beamerbaseauxtemplates.sty
(/usr/local/texlive/2024/texmf-dist/tex/latex/beamer/beamerbaseboxes.sty
\bmb@box=\box72
\bmb@colorbox=\box73
\bmb@boxwidth=\dimen274
\bmb@boxheight=\dimen275
\bmb@prevheight=\dimen276
\bmb@temp=\dimen277
\bmb@dima=\dimen278
\bmb@dimb=\dimen279
\bmb@prevheight=\dimen280
)
\beamer@blockheadheight=\dimen281
))
(/usr/local/texlive/2024/texmf-dist/tex/latex/beamer/beamerbaselocalstructure.s
ty (/usr/local/texlive/2024/texmf-dist/tex/latex/tools/enumerate.sty
Package: enumerate 2023/07/04 v3.00 enumerate extensions (DPC)
\@enLab=\toks34
)
\beamer@bibiconwidth=\skip56
\c@figure=\count322
\c@table=\count323
\abovecaptionskip=\skip57
\belowcaptionskip=\skip58
)
(/usr/local/texlive/2024/texmf-dist/tex/latex/beamer/beamerbasenavigation.sty
(/usr/local/texlive/2024/texmf-dist/tex/latex/beamer/beamerbasenavigationsymbol
s.tex)
\beamer@section@min@dim=\dimen282
)
(/usr/local/texlive/2024/texmf-dist/tex/latex/beamer/beamerbasetheorems.sty
(/usr/local/texlive/2024/texmf-dist/tex/latex/amsmath/amsmath.sty
Package: amsmath 2023/05/13 v2.17o AMS math features
\@mathmargin=\skip59

For additional information on amsmath, use the `?' option.
(/usr/local/texlive/2024/texmf-dist/tex/latex/amsmath/amstext.sty
Package: amstext 2021/08/26 v2.01 AMS text

(/usr/local/texlive/2024/texmf-dist/tex/latex/amsmath/amsgen.sty
File: amsgen.sty 1999/11/30 v2.0 generic functions
\@emptytoks=\toks35
\ex@=\dimen283
))
(/usr/local/texlive/2024/texmf-dist/tex/latex/amsmath/amsbsy.sty
Package: amsbsy 1999/11/29 v1.2d Bold Symbols
\pmbraise@=\dimen284
)
(/usr/local/texlive/2024/texmf-dist/tex/latex/amsmath/amsopn.sty
Package: amsopn 2022/04/08 v2.04 operator names
)
\inf@bad=\count324
LaTeX Info: Redefining \frac on input line 234.
\uproot@=\count325
\leftroot@=\count326
LaTeX Info: Redefining \overline on input line 399.
LaTeX Info: Redefining \colon on input line 410.
\classnum@=\count327
\DOTSCASE@=\count328
LaTeX Info: Redefining \ldots on input line 496.
LaTeX Info: Redefining \dots on input line 499.
LaTeX Info: Redefining \cdots on input line 620.
\Mathstrutbox@=\box74
\strutbox@=\box75
LaTeX Info: Redefining \big on input line 722.
LaTeX Info: Redefining \Big on input line 723.
LaTeX Info: Redefining \bigg on input line 724.
LaTeX Info: Redefining \Bigg on input line 725.
\big@size=\dimen285
LaTeX Font Info:    Redeclaring font encoding OML on input line 743.
LaTeX Font Info:    Redeclaring font encoding OMS on input line 744.
\macc@depth=\count329
LaTeX Info: Redefining \bmod on input line 905.
LaTeX Info: Redefining \pmod on input line 910.
LaTeX Info: Redefining \smash on input line 940.
LaTeX Info: Redefining \relbar on input line 970.
LaTeX Info: Redefining \Relbar on input line 971.
\c@MaxMatrixCols=\count330
\dotsspace@=\muskip17
\c@parentequation=\count331
\dspbrk@lvl=\count332
\tag@help=\toks36
\row@=\count333
\column@=\count334
\maxfields@=\count335
\andhelp@=\toks37
\eqnshift@=\dimen286
\alignsep@=\dimen287
\tagshift@=\dimen288
\tagwidth@=\dimen289
\totwidth@=\dimen290
\lineht@=\dimen291
\@envbody=\toks38
\multlinegap=\skip60
\multlinetaggap=\skip61
\mathdisplay@stack=\toks39
LaTeX Info: Redefining \[ on input line 2953.
LaTeX Info: Redefining \] on input line 2954.
)
(/usr/local/texlive/2024/texmf-dist/tex/latex/amscls/amsthm.sty
Package: amsthm 2020/05/29 v2.20.6
\thm@style=\toks40
\thm@bodyfont=\toks41
\thm@headfont=\toks42
\thm@notefont=\toks43
\thm@headpunct=\toks44
\thm@preskip=\skip62
\thm@postskip=\skip63
\thm@headsep=\skip64
\dth@everypar=\toks45
)
\c@theorem=\count336
)
(/usr/local/texlive/2024/texmf-dist/tex/latex/beamer/beamerbasethemes.sty))
(/usr/local/texlive/2024/texmf-dist/tex/latex/beamer/beamerthemedefault.sty
(/usr/local/texlive/2024/texmf-dist/tex/latex/beamer/beamerfontthemedefault.sty
)
(/usr/local/texlive/2024/texmf-dist/tex/latex/beamer/beamercolorthemedefault.st
y)
(/usr/local/texlive/2024/texmf-dist/tex/latex/beamer/beamerinnerthemedefault.st
y
\beamer@dima=\dimen292
\beamer@dimb=\dimen293
)
(/usr/local/texlive/2024/texmf-dist/tex/latex/beamer/beamerouterthemedefault.st
y)))
(/usr/local/texlive/2024/texmf-dist/tex/latex/beamer/beamerthemeMontpellier.sty
(/usr/local/texlive/2024/texmf-dist/tex/latex/beamer/beamerouterthemetree.sty))
(/usr/local/texlive/2024/texmf-dist/tex/latex/beamer/xmpmulti.sty
\@mpm@count=\count337
)
(/usr/local/texlive/2024/texmf-dist/tex/generic/babel/babel.sty
Package: babel 2024/02/07 v24.2 The Babel package
\babel@savecnt=\count338
\U@D=\dimen294
\l@unhyphenated=\language89

(/usr/local/texlive/2024/texmf-dist/tex/generic/babel/txtbabel.def)
\bbl@readstream=\read3
LaTeX Info: Redefining \textlatin on input line 3919.
\bbl@dirlevel=\count339

(/usr/local/texlive/2024/texmf-dist/tex/generic/babel-english/english.ldf
Language: english 2017/06/06 v3.3r English support from the babel system
Package babel Info: Hyphen rules for 'canadian' set to \l@english
(babel)             (\language0). Reported on input line 102.
Package babel Info: Hyphen rules for 'australian' set to \l@ukenglish
(babel)             (\language23). Reported on input line 105.
Package babel Info: Hyphen rules for 'newzealand' set to \l@ukenglish
(babel)             (\language23). Reported on input line 108.
))
(/usr/local/texlive/2024/texmf-dist/tex/generic/babel/locale/en/babel-english.t
ex
Package babel Info: Importing font and identification data for english
(babel)             from babel-en.ini. Reported on input line 11.
) (/usr/local/texlive/2024/texmf-dist/tex/latex/base/inputenc.sty
Package: inputenc 2021/02/14 v1.3d Input encoding file
\inpenc@prehook=\toks46
\inpenc@posthook=\toks47

(/usr/local/texlive/2024/texmf-dist/tex/latex/base/latin1.def
File: latin1.def 2021/02/14 v1.3d Input encoding file
))
(/usr/local/texlive/2024/texmf-dist/tex/latex/psnfss/times.sty
Package: times 2020/03/25 PSNFSS-v9.3 (SPQR) 
)
(/usr/local/texlive/2024/texmf-dist/tex/latex/base/fontenc.sty
Package: fontenc 2021/04/29 v2.0v Standard LaTeX package
LaTeX Font Info:    Trying to load font information for T1+phv on input line 11
2.

(/usr/local/texlive/2024/texmf-dist/tex/latex/psnfss/t1phv.fd
File: t1phv.fd 2020/03/25 scalable font definitions for T1/phv.
)) (../macros.tex) (/usr/local/texlive/2024/texmf-dist/tex/latex/l3backend/l3ba
ckend-pdftex.def
File: l3backend-pdftex.def 2024-02-20 L3 backend support: PDF output (pdfTeX)
\l__color_backend_stack_int=\count340
\l__pdf_internal_box=\box76
)
(./talk1.aux)
\openout1 = `talk1.aux'.

LaTeX Font Info:    Checking defaults for OML/cmm/m/it on input line 91.
LaTeX Font Info:    ... okay on input line 91.
LaTeX Font Info:    Checking defaults for OMS/cmsy/m/n on input line 91.
LaTeX Font Info:    ... okay on input line 91.
LaTeX Font Info:    Checking defaults for OT1/cmr/m/n on input line 91.
LaTeX Font Info:    ... okay on input line 91.
LaTeX Font Info:    Checking defaults for T1/cmr/m/n on input line 91.
LaTeX Font Info:    ... okay on input line 91.
LaTeX Font Info:    Checking defaults for TS1/cmr/m/n on input line 91.
LaTeX Font Info:    ... okay on input line 91.
LaTeX Font Info:    Checking defaults for OMX/cmex/m/n on input line 91.
LaTeX Font Info:    ... okay on input line 91.
LaTeX Font Info:    Checking defaults for U/cmr/m/n on input line 91.
LaTeX Font Info:    ... okay on input line 91.
LaTeX Font Info:    Checking defaults for PD1/pdf/m/n on input line 91.
LaTeX Font Info:    ... okay on input line 91.
LaTeX Font Info:    Checking defaults for PU/pdf/m/n on input line 91.
LaTeX Font Info:    ... okay on input line 91.

*geometry* driver: auto-detecting
*geometry* detected driver: pdftex
*geometry* verbose mode - [ preamble ] result:
* driver: pdftex
* paper: custom
* layout: <same size as paper>
* layoutoffset:(h,v)=(0.0pt,0.0pt)
* modes: includehead includefoot 
* h-part:(L,W,R)=(28.45274pt, 307.28987pt, 28.45274pt)
* v-part:(T,H,B)=(0.0pt, 273.14662pt, 0.0pt)
* \paperwidth=364.19536pt
* \paperheight=273.14662pt
* \textwidth=307.28987pt
* \textheight=244.6939pt
* \oddsidemargin=-43.81725pt
* \evensidemargin=-43.81725pt
* \topmargin=-72.26999pt
* \headheight=14.22636pt
* \headsep=0.0pt
* \topskip=11.0pt
* \footskip=14.22636pt
* \marginparwidth=4.0pt
* \marginparsep=10.0pt
* \columnsep=10.0pt
* \skip\footins=10.0pt plus 4.0pt minus 2.0pt
* \hoffset=0.0pt
* \voffset=0.0pt
* \mag=1000
* \@twocolumnfalse
* \@twosidefalse
* \@mparswitchfalse
* \@reversemarginfalse
* (1in=72.27pt=25.4mm, 1cm=28.453pt)

(/usr/local/texlive/2024/texmf-dist/tex/context/base/mkii/supp-pdf.mkii
[Loading MPS to PDF converter (version 2006.09.02).]
\scratchcounter=\count341
\scratchdimen=\dimen295
\scratchbox=\box77
\nofMPsegments=\count342
\nofMParguments=\count343
\everyMPshowfont=\toks48
\MPscratchCnt=\count344
\MPscratchDim=\dimen296
\MPnumerator=\count345
\makeMPintoPDFobject=\count346
\everyMPtoPDFconversion=\toks49
) (/usr/local/texlive/2024/texmf-dist/tex/latex/epstopdf-pkg/epstopdf-base.sty
Package: epstopdf-base 2020-01-24 v2.11 Base part for package epstopdf

(/usr/local/texlive/2024/texmf-dist/tex/latex/grfext/grfext.sty
Package: grfext 2019/12/03 v1.3 Manage graphics extensions (HO)
)
Package epstopdf-base Info: Redefining graphics rule for `.eps' on input line 4
85.
Package grfext Info: Graphics extension search list:
(grfext)             [.pdf,.png,.jpg,.mps,.jpeg,.jbig2,.jb2,.PDF,.PNG,.JPG,.JPE
G,.JBIG2,.JB2,.eps]
(grfext)             \AppendGraphicsExtensions on input line 504.

(/usr/local/texlive/2024/texmf-dist/tex/latex/latexconfig/epstopdf-sys.cfg
File: epstopdf-sys.cfg 2010/07/13 v1.3 Configuration of (r)epstopdf for TeX Liv
e
))
Package hyperref Info: Link coloring OFF on input line 91.

(./talk1.out) (./talk1.out)
\@outlinefile=\write5
\openout5 = `talk1.out'.

LaTeX Font Info:    Overwriting symbol font `operators' in version `normal'
(Font)                  OT1/cmr/m/n --> OT1/cmss/m/n on input line 91.
LaTeX Font Info:    Overwriting symbol font `operators' in version `bold'
(Font)                  OT1/cmr/bx/n --> OT1/cmss/b/n on input line 91.
\symnumbers=\mathgroup6
\sympureletters=\mathgroup7
LaTeX Font Info:    Overwriting math alphabet `\mathrm' in version `normal'
(Font)                  OT1/cmss/m/n --> T1/ptm/m/n on input line 91.
LaTeX Font Info:    Redeclaring math alphabet \mathbf on input line 91.
LaTeX Font Info:    Overwriting math alphabet `\mathbf' in version `normal'
(Font)                  OT1/cmr/bx/n --> T1/phv/b/n on input line 91.
LaTeX Font Info:    Overwriting math alphabet `\mathbf' in version `bold'
(Font)                  OT1/cmr/bx/n --> T1/phv/b/n on input line 91.
LaTeX Font Info:    Redeclaring math alphabet \mathsf on input line 91.
LaTeX Font Info:    Overwriting math alphabet `\mathsf' in version `normal'
(Font)                  OT1/cmss/m/n --> T1/phv/m/n on input line 91.
LaTeX Font Info:    Overwriting math alphabet `\mathsf' in version `bold'
(Font)                  OT1/cmss/bx/n --> T1/phv/m/n on input line 91.
LaTeX Font Info:    Redeclaring math alphabet \mathit on input line 91.
LaTeX Font Info:    Overwriting math alphabet `\mathit' in version `normal'
(Font)                  OT1/cmr/m/it --> T1/phv/m/it on input line 91.
LaTeX Font Info:    Overwriting math alphabet `\mathit' in version `bold'
(Font)                  OT1/cmr/bx/it --> T1/phv/m/it on input line 91.
LaTeX Font Info:    Redeclaring math alphabet \mathtt on input line 91.
LaTeX Font Info:    Overwriting math alphabet `\mathtt' in version `normal'
(Font)                  OT1/cmtt/m/n --> T1/pcr/m/n on input line 91.
LaTeX Font Info:    Overwriting math alphabet `\mathtt' in version `bold'
(Font)                  OT1/cmtt/m/n --> T1/pcr/m/n on input line 91.
LaTeX Font Info:    Overwriting symbol font `numbers' in version `bold'
(Font)                  T1/phv/m/n --> T1/phv/b/n on input line 91.
LaTeX Font Info:    Overwriting symbol font `pureletters' in version `bold'
(Font)                  T1/phv/m/it --> T1/phv/b/it on input line 91.
LaTeX Font Info:    Overwriting math alphabet `\mathrm' in version `bold'
(Font)                  OT1/cmss/b/n --> T1/ptm/b/n on input line 91.
LaTeX Font Info:    Overwriting math alphabet `\mathbf' in version `bold'
(Font)                  T1/phv/b/n --> T1/phv/b/n on input line 91.
LaTeX Font Info:    Overwriting math alphabet `\mathsf' in version `bold'
(Font)                  T1/phv/m/n --> T1/phv/b/n on input line 91.
LaTeX Font Info:    Overwriting math alphabet `\mathit' in version `bold'
(Font)                  T1/phv/m/it --> T1/phv/b/it on input line 91.
LaTeX Font Info:    Overwriting math alphabet `\mathtt' in version `bold'
(Font)                  T1/pcr/m/n --> T1/pcr/b/n on input line 91.

(/usr/local/texlive/2024/texmf-dist/tex/latex/translator/translator-basic-dicti
onary-English.dict
Dictionary: translator-basic-dictionary, Language: English 
)
(/usr/local/texlive/2024/texmf-dist/tex/latex/translator/translator-bibliograph
y-dictionary-English.dict
Dictionary: translator-bibliography-dictionary, Language: English 
)
(/usr/local/texlive/2024/texmf-dist/tex/latex/translator/translator-environment
-dictionary-English.dict
Dictionary: translator-environment-dictionary, Language: English 
)
(/usr/local/texlive/2024/texmf-dist/tex/latex/translator/translator-months-dict
ionary-English.dict
Dictionary: translator-months-dictionary, Language: English 
)
(/usr/local/texlive/2024/texmf-dist/tex/latex/translator/translator-numbers-dic
tionary-English.dict
Dictionary: translator-numbers-dictionary, Language: English 
)
(/usr/local/texlive/2024/texmf-dist/tex/latex/translator/translator-theorem-dic
tionary-English.dict
Dictionary: translator-theorem-dictionary, Language: English 
) (./talk1.nav) [1{/usr/local/texlive/2024/texmf-var/fonts/map/pdftex/updmap/pd
ftex.map}{/usr/local/texlive/2024/texmf-dist/fonts/enc/dvips/base/8r.enc}

] (./talk1.toc) [2

]
LaTeX Font Info:    Trying to load font information for U+msa on input line 113
.

(/usr/local/texlive/2024/texmf-dist/tex/latex/amsfonts/umsa.fd
File: umsa.fd 2013/01/14 v3.01 AMS symbols A
)
LaTeX Font Info:    Trying to load font information for U+msb on input line 113
.

(/usr/local/texlive/2024/texmf-dist/tex/latex/amsfonts/umsb.fd
File: umsb.fd 2013/01/14 v3.01 AMS symbols B
)
LaTeX Font Info:    Font shape `T1/phv/m/it' in size <10.95> not available
(Font)              Font shape `T1/phv/m/sl' tried instead on input line 113.
LaTeX Font Info:    Font shape `T1/phv/m/it' in size <8> not available
(Font)              Font shape `T1/phv/m/sl' tried instead on input line 113.
LaTeX Font Info:    Font shape `T1/phv/m/it' in size <6> not available
(Font)              Font shape `T1/phv/m/sl' tried instead on input line 113.
<QRcode.png, id=98, 225.84375pt x 225.84375pt>
File: QRcode.png Graphic file (type png)
<use QRcode.png>
Package pdftex.def Info: QRcode.png  used on input line 113.
(pdftex.def)             Requested size: 85.35973pt x 85.35826pt.
 [3

 <./QRcode.png>]
File: QRcode.png Graphic file (type png)
<use QRcode.png>
Package pdftex.def Info: QRcode.png  used on input line 113.
(pdftex.def)             Requested size: 85.35973pt x 85.35826pt.
 [4

]
LaTeX Font Info:    Font shape `T1/phv/m/it' in size <10> not available
(Font)              Font shape `T1/phv/m/sl' tried instead on input line 172.
LaTeX Font Info:    Font shape `T1/phv/m/it' in size <7> not available
(Font)              Font shape `T1/phv/m/sl' tried instead on input line 172.
LaTeX Font Info:    Font shape `T1/phv/m/it' in size <5> not available
(Font)              Font shape `T1/phv/m/sl' tried instead on input line 172.
 [5

] [6

] [7

] [8

] [9

] [10

] [11

] [12

] [13

] [14

] [15

] [16

] [17

] [18

]
[19

] [20

] [21

] [22

] [23

] [24

] [25

] [26

] [27

] [28

] [29

] [30

] [31

] [32

] [33

]
[34

] [35

] [36

] [37

] [38

] [39

] [40

] [41

] [42

] [43

] [44

] [45

] [46

] [47

] [48

]
[49

] [50

] [51

] [52

] [53

] [54

] [55

]
<perceptronAnim/Perceptron-0.pdf, id=1623, 552.0625pt x 501.875pt>
File: perceptronAnim/Perceptron-0.pdf Graphic file (type pdf)
<use perceptronAnim/Perceptron-0.pdf>
Package pdftex.def Info: perceptronAnim/Perceptron-0.pdf  used on input line 26
8.
(pdftex.def)             Requested size: 199.16928pt x 181.06541pt.
<perceptronAnim/Perceptron-1.pdf, id=1624, 552.0625pt x 501.875pt>
File: perceptronAnim/Perceptron-1.pdf Graphic file (type pdf)
<use perceptronAnim/Perceptron-1.pdf>
Package pdftex.def Info: perceptronAnim/Perceptron-1.pdf  used on input line 26
8.
(pdftex.def)             Requested size: 199.16928pt x 181.06541pt.
<perceptronAnim/Perceptron-2.pdf, id=1625, 552.0625pt x 501.875pt>
File: perceptronAnim/Perceptron-2.pdf Graphic file (type pdf)
<use perceptronAnim/Perceptron-2.pdf>
Package pdftex.def Info: perceptronAnim/Perceptron-2.pdf  used on input line 26
8.
(pdftex.def)             Requested size: 199.16928pt x 181.06541pt.
<perceptronAnim/Perceptron-3.pdf, id=1626, 552.0625pt x 501.875pt>
File: perceptronAnim/Perceptron-3.pdf Graphic file (type pdf)
<use perceptronAnim/Perceptron-3.pdf>
Package pdftex.def Info: perceptronAnim/Perceptron-3.pdf  used on input line 26
8.
(pdftex.def)             Requested size: 199.16928pt x 181.06541pt.
<perceptronAnim/Perceptron-4.pdf, id=1627, 552.0625pt x 501.875pt>
File: perceptronAnim/Perceptron-4.pdf Graphic file (type pdf)
<use perceptronAnim/Perceptron-4.pdf>
Package pdftex.def Info: perceptronAnim/Perceptron-4.pdf  used on input line 26
8.
(pdftex.def)             Requested size: 199.16928pt x 181.06541pt.
<perceptronAnim/Perceptron-5.pdf, id=1628, 552.0625pt x 501.875pt>
File: perceptronAnim/Perceptron-5.pdf Graphic file (type pdf)
<use perceptronAnim/Perceptron-5.pdf>
Package pdftex.def Info: perceptronAnim/Perceptron-5.pdf  used on input line 26
8.
(pdftex.def)             Requested size: 199.16928pt x 181.06541pt.
<perceptronAnim/Perceptron-6.pdf, id=1629, 552.0625pt x 501.875pt>
File: perceptronAnim/Perceptron-6.pdf Graphic file (type pdf)
<use perceptronAnim/Perceptron-6.pdf>
Package pdftex.def Info: perceptronAnim/Perceptron-6.pdf  used on input line 26
8.
(pdftex.def)             Requested size: 199.16928pt x 181.06541pt.

Overfull \hbox (51.21504pt too wide) in paragraph at lines 268--268
[][][][][][][][][][][][][][][][][][][]  
 []

[56

 <./perceptronAnim/Perceptron-0.pdf> <./perceptronAnim/Perceptron-1.pdf> <./per
ceptronAnim/Perceptron-2.pdf> <./perceptronAnim/Perceptron-3.pdf> <./perceptron
Anim/Perceptron-4.pdf> <./perceptronAnim/Perceptron-5.pdf> <./perceptronAnim/Pe
rceptron-6.pdf>]
File: perceptronAnim/Perceptron-0.pdf Graphic file (type pdf)
<use perceptronAnim/Perceptron-0.pdf>
Package pdftex.def Info: perceptronAnim/Perceptron-0.pdf  used on input line 26
8.
(pdftex.def)             Requested size: 199.16928pt x 181.06541pt.
File: perceptronAnim/Perceptron-1.pdf Graphic file (type pdf)
<use perceptronAnim/Perceptron-1.pdf>
Package pdftex.def Info: perceptronAnim/Perceptron-1.pdf  used on input line 26
8.
(pdftex.def)             Requested size: 199.16928pt x 181.06541pt.
File: perceptronAnim/Perceptron-2.pdf Graphic file (type pdf)
<use perceptronAnim/Perceptron-2.pdf>
Package pdftex.def Info: perceptronAnim/Perceptron-2.pdf  used on input line 26
8.
(pdftex.def)             Requested size: 199.16928pt x 181.06541pt.
File: perceptronAnim/Perceptron-3.pdf Graphic file (type pdf)
<use perceptronAnim/Perceptron-3.pdf>
Package pdftex.def Info: perceptronAnim/Perceptron-3.pdf  used on input line 26
8.
(pdftex.def)             Requested size: 199.16928pt x 181.06541pt.
File: perceptronAnim/Perceptron-4.pdf Graphic file (type pdf)
<use perceptronAnim/Perceptron-4.pdf>
Package pdftex.def Info: perceptronAnim/Perceptron-4.pdf  used on input line 26
8.
(pdftex.def)             Requested size: 199.16928pt x 181.06541pt.
File: perceptronAnim/Perceptron-5.pdf Graphic file (type pdf)
<use perceptronAnim/Perceptron-5.pdf>
Package pdftex.def Info: perceptronAnim/Perceptron-5.pdf  used on input line 26
8.
(pdftex.def)             Requested size: 199.16928pt x 181.06541pt.
File: perceptronAnim/Perceptron-6.pdf Graphic file (type pdf)
<use perceptronAnim/Perceptron-6.pdf>
Package pdftex.def Info: perceptronAnim/Perceptron-6.pdf  used on input line 26
8.
(pdftex.def)             Requested size: 199.16928pt x 181.06541pt.

Overfull \hbox (51.21504pt too wide) in paragraph at lines 268--268
[][][][][][][][][][][][][][][][][][][]  
 []

[57

]
File: perceptronAnim/Perceptron-0.pdf Graphic file (type pdf)
<use perceptronAnim/Perceptron-0.pdf>
Package pdftex.def Info: perceptronAnim/Perceptron-0.pdf  used on input line 26
8.
(pdftex.def)             Requested size: 199.16928pt x 181.06541pt.
File: perceptronAnim/Perceptron-1.pdf Graphic file (type pdf)
<use perceptronAnim/Perceptron-1.pdf>
Package pdftex.def Info: perceptronAnim/Perceptron-1.pdf  used on input line 26
8.
(pdftex.def)             Requested size: 199.16928pt x 181.06541pt.
File: perceptronAnim/Perceptron-2.pdf Graphic file (type pdf)
<use perceptronAnim/Perceptron-2.pdf>
Package pdftex.def Info: perceptronAnim/Perceptron-2.pdf  used on input line 26
8.
(pdftex.def)             Requested size: 199.16928pt x 181.06541pt.
File: perceptronAnim/Perceptron-3.pdf Graphic file (type pdf)
<use perceptronAnim/Perceptron-3.pdf>
Package pdftex.def Info: perceptronAnim/Perceptron-3.pdf  used on input line 26
8.
(pdftex.def)             Requested size: 199.16928pt x 181.06541pt.
File: perceptronAnim/Perceptron-4.pdf Graphic file (type pdf)
<use perceptronAnim/Perceptron-4.pdf>
Package pdftex.def Info: perceptronAnim/Perceptron-4.pdf  used on input line 26
8.
(pdftex.def)             Requested size: 199.16928pt x 181.06541pt.
File: perceptronAnim/Perceptron-5.pdf Graphic file (type pdf)
<use perceptronAnim/Perceptron-5.pdf>
Package pdftex.def Info: perceptronAnim/Perceptron-5.pdf  used on input line 26
8.
(pdftex.def)             Requested size: 199.16928pt x 181.06541pt.
File: perceptronAnim/Perceptron-6.pdf Graphic file (type pdf)
<use perceptronAnim/Perceptron-6.pdf>
Package pdftex.def Info: perceptronAnim/Perceptron-6.pdf  used on input line 26
8.
(pdftex.def)             Requested size: 199.16928pt x 181.06541pt.

Overfull \hbox (51.21504pt too wide) in paragraph at lines 268--268
[][][][][][][][][][][][][][][][][][][]  
 []

[58

]
File: perceptronAnim/Perceptron-0.pdf Graphic file (type pdf)
<use perceptronAnim/Perceptron-0.pdf>
Package pdftex.def Info: perceptronAnim/Perceptron-0.pdf  used on input line 26
8.
(pdftex.def)             Requested size: 199.16928pt x 181.06541pt.
File: perceptronAnim/Perceptron-1.pdf Graphic file (type pdf)
<use perceptronAnim/Perceptron-1.pdf>
Package pdftex.def Info: perceptronAnim/Perceptron-1.pdf  used on input line 26
8.
(pdftex.def)             Requested size: 199.16928pt x 181.06541pt.
File: perceptronAnim/Perceptron-2.pdf Graphic file (type pdf)
<use perceptronAnim/Perceptron-2.pdf>
Package pdftex.def Info: perceptronAnim/Perceptron-2.pdf  used on input line 26
8.
(pdftex.def)             Requested size: 199.16928pt x 181.06541pt.
File: perceptronAnim/Perceptron-3.pdf Graphic file (type pdf)
<use perceptronAnim/Perceptron-3.pdf>
Package pdftex.def Info: perceptronAnim/Perceptron-3.pdf  used on input line 26
8.
(pdftex.def)             Requested size: 199.16928pt x 181.06541pt.
File: perceptronAnim/Perceptron-4.pdf Graphic file (type pdf)
<use perceptronAnim/Perceptron-4.pdf>
Package pdftex.def Info: perceptronAnim/Perceptron-4.pdf  used on input line 26
8.
(pdftex.def)             Requested size: 199.16928pt x 181.06541pt.
File: perceptronAnim/Perceptron-5.pdf Graphic file (type pdf)
<use perceptronAnim/Perceptron-5.pdf>
Package pdftex.def Info: perceptronAnim/Perceptron-5.pdf  used on input line 26
8.
(pdftex.def)             Requested size: 199.16928pt x 181.06541pt.
File: perceptronAnim/Perceptron-6.pdf Graphic file (type pdf)
<use perceptronAnim/Perceptron-6.pdf>
Package pdftex.def Info: perceptronAnim/Perceptron-6.pdf  used on input line 26
8.
(pdftex.def)             Requested size: 199.16928pt x 181.06541pt.

Overfull \hbox (51.21504pt too wide) in paragraph at lines 268--268
[][][][][][][][][][][][][][][][][][][][][]  
 []

[59

]
File: perceptronAnim/Perceptron-0.pdf Graphic file (type pdf)
<use perceptronAnim/Perceptron-0.pdf>
Package pdftex.def Info: perceptronAnim/Perceptron-0.pdf  used on input line 26
8.
(pdftex.def)             Requested size: 199.16928pt x 181.06541pt.
File: perceptronAnim/Perceptron-1.pdf Graphic file (type pdf)
<use perceptronAnim/Perceptron-1.pdf>
Package pdftex.def Info: perceptronAnim/Perceptron-1.pdf  used on input line 26
8.
(pdftex.def)             Requested size: 199.16928pt x 181.06541pt.
File: perceptronAnim/Perceptron-2.pdf Graphic file (type pdf)
<use perceptronAnim/Perceptron-2.pdf>
Package pdftex.def Info: perceptronAnim/Perceptron-2.pdf  used on input line 26
8.
(pdftex.def)             Requested size: 199.16928pt x 181.06541pt.
File: perceptronAnim/Perceptron-3.pdf Graphic file (type pdf)
<use perceptronAnim/Perceptron-3.pdf>
Package pdftex.def Info: perceptronAnim/Perceptron-3.pdf  used on input line 26
8.
(pdftex.def)             Requested size: 199.16928pt x 181.06541pt.
File: perceptronAnim/Perceptron-4.pdf Graphic file (type pdf)
<use perceptronAnim/Perceptron-4.pdf>
Package pdftex.def Info: perceptronAnim/Perceptron-4.pdf  used on input line 26
8.
(pdftex.def)             Requested size: 199.16928pt x 181.06541pt.
File: perceptronAnim/Perceptron-5.pdf Graphic file (type pdf)
<use perceptronAnim/Perceptron-5.pdf>
Package pdftex.def Info: perceptronAnim/Perceptron-5.pdf  used on input line 26
8.
(pdftex.def)             Requested size: 199.16928pt x 181.06541pt.
File: perceptronAnim/Perceptron-6.pdf Graphic file (type pdf)
<use perceptronAnim/Perceptron-6.pdf>
Package pdftex.def Info: perceptronAnim/Perceptron-6.pdf  used on input line 26
8.
(pdftex.def)             Requested size: 199.16928pt x 181.06541pt.

Overfull \hbox (51.21504pt too wide) in paragraph at lines 268--268
[][][][][][][][][][][][][][][][][][][][][][][]  
 []

[60

]
File: perceptronAnim/Perceptron-0.pdf Graphic file (type pdf)
<use perceptronAnim/Perceptron-0.pdf>
Package pdftex.def Info: perceptronAnim/Perceptron-0.pdf  used on input line 26
8.
(pdftex.def)             Requested size: 199.16928pt x 181.06541pt.
File: perceptronAnim/Perceptron-1.pdf Graphic file (type pdf)
<use perceptronAnim/Perceptron-1.pdf>
Package pdftex.def Info: perceptronAnim/Perceptron-1.pdf  used on input line 26
8.
(pdftex.def)             Requested size: 199.16928pt x 181.06541pt.
File: perceptronAnim/Perceptron-2.pdf Graphic file (type pdf)
<use perceptronAnim/Perceptron-2.pdf>
Package pdftex.def Info: perceptronAnim/Perceptron-2.pdf  used on input line 26
8.
(pdftex.def)             Requested size: 199.16928pt x 181.06541pt.
File: perceptronAnim/Perceptron-3.pdf Graphic file (type pdf)
<use perceptronAnim/Perceptron-3.pdf>
Package pdftex.def Info: perceptronAnim/Perceptron-3.pdf  used on input line 26
8.
(pdftex.def)             Requested size: 199.16928pt x 181.06541pt.
File: perceptronAnim/Perceptron-4.pdf Graphic file (type pdf)
<use perceptronAnim/Perceptron-4.pdf>
Package pdftex.def Info: perceptronAnim/Perceptron-4.pdf  used on input line 26
8.
(pdftex.def)             Requested size: 199.16928pt x 181.06541pt.
File: perceptronAnim/Perceptron-5.pdf Graphic file (type pdf)
<use perceptronAnim/Perceptron-5.pdf>
Package pdftex.def Info: perceptronAnim/Perceptron-5.pdf  used on input line 26
8.
(pdftex.def)             Requested size: 199.16928pt x 181.06541pt.
File: perceptronAnim/Perceptron-6.pdf Graphic file (type pdf)
<use perceptronAnim/Perceptron-6.pdf>
Package pdftex.def Info: perceptronAnim/Perceptron-6.pdf  used on input line 26
8.
(pdftex.def)             Requested size: 199.16928pt x 181.06541pt.

Overfull \hbox (51.21504pt too wide) in paragraph at lines 268--268
[][][][][][][][][][][][][][][][][][][][][][][][][]  
 []

[61

]
File: perceptronAnim/Perceptron-0.pdf Graphic file (type pdf)
<use perceptronAnim/Perceptron-0.pdf>
Package pdftex.def Info: perceptronAnim/Perceptron-0.pdf  used on input line 26
8.
(pdftex.def)             Requested size: 199.16928pt x 181.06541pt.
File: perceptronAnim/Perceptron-1.pdf Graphic file (type pdf)
<use perceptronAnim/Perceptron-1.pdf>
Package pdftex.def Info: perceptronAnim/Perceptron-1.pdf  used on input line 26
8.
(pdftex.def)             Requested size: 199.16928pt x 181.06541pt.
File: perceptronAnim/Perceptron-2.pdf Graphic file (type pdf)
<use perceptronAnim/Perceptron-2.pdf>
Package pdftex.def Info: perceptronAnim/Perceptron-2.pdf  used on input line 26
8.
(pdftex.def)             Requested size: 199.16928pt x 181.06541pt.
File: perceptronAnim/Perceptron-3.pdf Graphic file (type pdf)
<use perceptronAnim/Perceptron-3.pdf>
Package pdftex.def Info: perceptronAnim/Perceptron-3.pdf  used on input line 26
8.
(pdftex.def)             Requested size: 199.16928pt x 181.06541pt.
File: perceptronAnim/Perceptron-4.pdf Graphic file (type pdf)
<use perceptronAnim/Perceptron-4.pdf>
Package pdftex.def Info: perceptronAnim/Perceptron-4.pdf  used on input line 26
8.
(pdftex.def)             Requested size: 199.16928pt x 181.06541pt.
File: perceptronAnim/Perceptron-5.pdf Graphic file (type pdf)
<use perceptronAnim/Perceptron-5.pdf>
Package pdftex.def Info: perceptronAnim/Perceptron-5.pdf  used on input line 26
8.
(pdftex.def)             Requested size: 199.16928pt x 181.06541pt.
File: perceptronAnim/Perceptron-6.pdf Graphic file (type pdf)
<use perceptronAnim/Perceptron-6.pdf>
Package pdftex.def Info: perceptronAnim/Perceptron-6.pdf  used on input line 26
8.
(pdftex.def)             Requested size: 199.16928pt x 181.06541pt.

Overfull \hbox (51.21504pt too wide) in paragraph at lines 268--268
[][][][][][][][][][][][][][][][][][][][][][][][][][][]  
 []

[62

]
File: perceptronAnim/Perceptron-0.pdf Graphic file (type pdf)
<use perceptronAnim/Perceptron-0.pdf>
Package pdftex.def Info: perceptronAnim/Perceptron-0.pdf  used on input line 26
8.
(pdftex.def)             Requested size: 199.16928pt x 181.06541pt.
File: perceptronAnim/Perceptron-1.pdf Graphic file (type pdf)
<use perceptronAnim/Perceptron-1.pdf>
Package pdftex.def Info: perceptronAnim/Perceptron-1.pdf  used on input line 26
8.
(pdftex.def)             Requested size: 199.16928pt x 181.06541pt.
File: perceptronAnim/Perceptron-2.pdf Graphic file (type pdf)
<use perceptronAnim/Perceptron-2.pdf>
Package pdftex.def Info: perceptronAnim/Perceptron-2.pdf  used on input line 26
8.
(pdftex.def)             Requested size: 199.16928pt x 181.06541pt.
File: perceptronAnim/Perceptron-3.pdf Graphic file (type pdf)
<use perceptronAnim/Perceptron-3.pdf>
Package pdftex.def Info: perceptronAnim/Perceptron-3.pdf  used on input line 26
8.
(pdftex.def)             Requested size: 199.16928pt x 181.06541pt.
File: perceptronAnim/Perceptron-4.pdf Graphic file (type pdf)
<use perceptronAnim/Perceptron-4.pdf>
Package pdftex.def Info: perceptronAnim/Perceptron-4.pdf  used on input line 26
8.
(pdftex.def)             Requested size: 199.16928pt x 181.06541pt.
File: perceptronAnim/Perceptron-5.pdf Graphic file (type pdf)
<use perceptronAnim/Perceptron-5.pdf>
Package pdftex.def Info: perceptronAnim/Perceptron-5.pdf  used on input line 26
8.
(pdftex.def)             Requested size: 199.16928pt x 181.06541pt.
File: perceptronAnim/Perceptron-6.pdf Graphic file (type pdf)
<use perceptronAnim/Perceptron-6.pdf>
Package pdftex.def Info: perceptronAnim/Perceptron-6.pdf  used on input line 26
8.
(pdftex.def)             Requested size: 199.16928pt x 181.06541pt.

Overfull \hbox (51.21504pt too wide) in paragraph at lines 268--268
[][][][][][][][][][][][][][][][][][][][][][][][][][][][][]  
 []

[63

]
File: perceptronAnim/Perceptron-0.pdf Graphic file (type pdf)
<use perceptronAnim/Perceptron-0.pdf>
Package pdftex.def Info: perceptronAnim/Perceptron-0.pdf  used on input line 26
8.
(pdftex.def)             Requested size: 199.16928pt x 181.06541pt.
File: perceptronAnim/Perceptron-1.pdf Graphic file (type pdf)
<use perceptronAnim/Perceptron-1.pdf>
Package pdftex.def Info: perceptronAnim/Perceptron-1.pdf  used on input line 26
8.
(pdftex.def)             Requested size: 199.16928pt x 181.06541pt.
File: perceptronAnim/Perceptron-2.pdf Graphic file (type pdf)
<use perceptronAnim/Perceptron-2.pdf>
Package pdftex.def Info: perceptronAnim/Perceptron-2.pdf  used on input line 26
8.
(pdftex.def)             Requested size: 199.16928pt x 181.06541pt.
File: perceptronAnim/Perceptron-3.pdf Graphic file (type pdf)
<use perceptronAnim/Perceptron-3.pdf>
Package pdftex.def Info: perceptronAnim/Perceptron-3.pdf  used on input line 26
8.
(pdftex.def)             Requested size: 199.16928pt x 181.06541pt.
File: perceptronAnim/Perceptron-4.pdf Graphic file (type pdf)
<use perceptronAnim/Perceptron-4.pdf>
Package pdftex.def Info: perceptronAnim/Perceptron-4.pdf  used on input line 26
8.
(pdftex.def)             Requested size: 199.16928pt x 181.06541pt.
File: perceptronAnim/Perceptron-5.pdf Graphic file (type pdf)
<use perceptronAnim/Perceptron-5.pdf>
Package pdftex.def Info: perceptronAnim/Perceptron-5.pdf  used on input line 26
8.
(pdftex.def)             Requested size: 199.16928pt x 181.06541pt.
File: perceptronAnim/Perceptron-6.pdf Graphic file (type pdf)
<use perceptronAnim/Perceptron-6.pdf>
Package pdftex.def Info: perceptronAnim/Perceptron-6.pdf  used on input line 26
8.
(pdftex.def)             Requested size: 199.16928pt x 181.06541pt.

Overfull \hbox (51.21504pt too wide) in paragraph at lines 268--268
[][][][][][][][][][][][][][][][][][][][][][][][][][][][][][]  
 []

[64

]
File: perceptronAnim/Perceptron-0.pdf Graphic file (type pdf)
<use perceptronAnim/Perceptron-0.pdf>
Package pdftex.def Info: perceptronAnim/Perceptron-0.pdf  used on input line 26
8.
(pdftex.def)             Requested size: 199.16928pt x 181.06541pt.
File: perceptronAnim/Perceptron-1.pdf Graphic file (type pdf)
<use perceptronAnim/Perceptron-1.pdf>
Package pdftex.def Info: perceptronAnim/Perceptron-1.pdf  used on input line 26
8.
(pdftex.def)             Requested size: 199.16928pt x 181.06541pt.
File: perceptronAnim/Perceptron-2.pdf Graphic file (type pdf)
<use perceptronAnim/Perceptron-2.pdf>
Package pdftex.def Info: perceptronAnim/Perceptron-2.pdf  used on input line 26
8.
(pdftex.def)             Requested size: 199.16928pt x 181.06541pt.
File: perceptronAnim/Perceptron-3.pdf Graphic file (type pdf)
<use perceptronAnim/Perceptron-3.pdf>
Package pdftex.def Info: perceptronAnim/Perceptron-3.pdf  used on input line 26
8.
(pdftex.def)             Requested size: 199.16928pt x 181.06541pt.
File: perceptronAnim/Perceptron-4.pdf Graphic file (type pdf)
<use perceptronAnim/Perceptron-4.pdf>
Package pdftex.def Info: perceptronAnim/Perceptron-4.pdf  used on input line 26
8.
(pdftex.def)             Requested size: 199.16928pt x 181.06541pt.
File: perceptronAnim/Perceptron-5.pdf Graphic file (type pdf)
<use perceptronAnim/Perceptron-5.pdf>
Package pdftex.def Info: perceptronAnim/Perceptron-5.pdf  used on input line 26
8.
(pdftex.def)             Requested size: 199.16928pt x 181.06541pt.
File: perceptronAnim/Perceptron-6.pdf Graphic file (type pdf)
<use perceptronAnim/Perceptron-6.pdf>
Package pdftex.def Info: perceptronAnim/Perceptron-6.pdf  used on input line 26
8.
(pdftex.def)             Requested size: 199.16928pt x 181.06541pt.

Overfull \hbox (51.21504pt too wide) in paragraph at lines 268--268
[][][][][][][][][][][][][][][][][][][][][][][][][][][][][][]  
 []

[65

]
File: perceptronAnim/Perceptron-0.pdf Graphic file (type pdf)
<use perceptronAnim/Perceptron-0.pdf>
Package pdftex.def Info: perceptronAnim/Perceptron-0.pdf  used on input line 26
8.
(pdftex.def)             Requested size: 199.16928pt x 181.06541pt.
File: perceptronAnim/Perceptron-1.pdf Graphic file (type pdf)
<use perceptronAnim/Perceptron-1.pdf>
Package pdftex.def Info: perceptronAnim/Perceptron-1.pdf  used on input line 26
8.
(pdftex.def)             Requested size: 199.16928pt x 181.06541pt.
File: perceptronAnim/Perceptron-2.pdf Graphic file (type pdf)
<use perceptronAnim/Perceptron-2.pdf>
Package pdftex.def Info: perceptronAnim/Perceptron-2.pdf  used on input line 26
8.
(pdftex.def)             Requested size: 199.16928pt x 181.06541pt.
File: perceptronAnim/Perceptron-3.pdf Graphic file (type pdf)
<use perceptronAnim/Perceptron-3.pdf>
Package pdftex.def Info: perceptronAnim/Perceptron-3.pdf  used on input line 26
8.
(pdftex.def)             Requested size: 199.16928pt x 181.06541pt.
File: perceptronAnim/Perceptron-4.pdf Graphic file (type pdf)
<use perceptronAnim/Perceptron-4.pdf>
Package pdftex.def Info: perceptronAnim/Perceptron-4.pdf  used on input line 26
8.
(pdftex.def)             Requested size: 199.16928pt x 181.06541pt.
File: perceptronAnim/Perceptron-5.pdf Graphic file (type pdf)
<use perceptronAnim/Perceptron-5.pdf>
Package pdftex.def Info: perceptronAnim/Perceptron-5.pdf  used on input line 26
8.
(pdftex.def)             Requested size: 199.16928pt x 181.06541pt.
File: perceptronAnim/Perceptron-6.pdf Graphic file (type pdf)
<use perceptronAnim/Perceptron-6.pdf>
Package pdftex.def Info: perceptronAnim/Perceptron-6.pdf  used on input line 26
8.
(pdftex.def)             Requested size: 199.16928pt x 181.06541pt.

Overfull \hbox (51.21504pt too wide) in paragraph at lines 268--268
[][][][][][][][][][][][][][][][][][][][][][][][][][][][][][]  
 []

[66

]
File: perceptronAnim/Perceptron-0.pdf Graphic file (type pdf)
<use perceptronAnim/Perceptron-0.pdf>
Package pdftex.def Info: perceptronAnim/Perceptron-0.pdf  used on input line 26
8.
(pdftex.def)             Requested size: 199.16928pt x 181.06541pt.
File: perceptronAnim/Perceptron-1.pdf Graphic file (type pdf)
<use perceptronAnim/Perceptron-1.pdf>
Package pdftex.def Info: perceptronAnim/Perceptron-1.pdf  used on input line 26
8.
(pdftex.def)             Requested size: 199.16928pt x 181.06541pt.
File: perceptronAnim/Perceptron-2.pdf Graphic file (type pdf)
<use perceptronAnim/Perceptron-2.pdf>
Package pdftex.def Info: perceptronAnim/Perceptron-2.pdf  used on input line 26
8.
(pdftex.def)             Requested size: 199.16928pt x 181.06541pt.
File: perceptronAnim/Perceptron-3.pdf Graphic file (type pdf)
<use perceptronAnim/Perceptron-3.pdf>
Package pdftex.def Info: perceptronAnim/Perceptron-3.pdf  used on input line 26
8.
(pdftex.def)             Requested size: 199.16928pt x 181.06541pt.
File: perceptronAnim/Perceptron-4.pdf Graphic file (type pdf)
<use perceptronAnim/Perceptron-4.pdf>
Package pdftex.def Info: perceptronAnim/Perceptron-4.pdf  used on input line 26
8.
(pdftex.def)             Requested size: 199.16928pt x 181.06541pt.
File: perceptronAnim/Perceptron-5.pdf Graphic file (type pdf)
<use perceptronAnim/Perceptron-5.pdf>
Package pdftex.def Info: perceptronAnim/Perceptron-5.pdf  used on input line 26
8.
(pdftex.def)             Requested size: 199.16928pt x 181.06541pt.
File: perceptronAnim/Perceptron-6.pdf Graphic file (type pdf)
<use perceptronAnim/Perceptron-6.pdf>
Package pdftex.def Info: perceptronAnim/Perceptron-6.pdf  used on input line 26
8.
(pdftex.def)             Requested size: 199.16928pt x 181.06541pt.

Overfull \hbox (51.21504pt too wide) in paragraph at lines 268--268
[][][][][][][][][][][][][][][][][][][][][][][][][][][][][][]  
 []

[67

]
File: perceptronAnim/Perceptron-0.pdf Graphic file (type pdf)
<use perceptronAnim/Perceptron-0.pdf>
Package pdftex.def Info: perceptronAnim/Perceptron-0.pdf  used on input line 26
8.
(pdftex.def)             Requested size: 199.16928pt x 181.06541pt.
File: perceptronAnim/Perceptron-1.pdf Graphic file (type pdf)
<use perceptronAnim/Perceptron-1.pdf>
Package pdftex.def Info: perceptronAnim/Perceptron-1.pdf  used on input line 26
8.
(pdftex.def)             Requested size: 199.16928pt x 181.06541pt.
File: perceptronAnim/Perceptron-2.pdf Graphic file (type pdf)
<use perceptronAnim/Perceptron-2.pdf>
Package pdftex.def Info: perceptronAnim/Perceptron-2.pdf  used on input line 26
8.
(pdftex.def)             Requested size: 199.16928pt x 181.06541pt.
File: perceptronAnim/Perceptron-3.pdf Graphic file (type pdf)
<use perceptronAnim/Perceptron-3.pdf>
Package pdftex.def Info: perceptronAnim/Perceptron-3.pdf  used on input line 26
8.
(pdftex.def)             Requested size: 199.16928pt x 181.06541pt.
File: perceptronAnim/Perceptron-4.pdf Graphic file (type pdf)
<use perceptronAnim/Perceptron-4.pdf>
Package pdftex.def Info: perceptronAnim/Perceptron-4.pdf  used on input line 26
8.
(pdftex.def)             Requested size: 199.16928pt x 181.06541pt.
File: perceptronAnim/Perceptron-5.pdf Graphic file (type pdf)
<use perceptronAnim/Perceptron-5.pdf>
Package pdftex.def Info: perceptronAnim/Perceptron-5.pdf  used on input line 26
8.
(pdftex.def)             Requested size: 199.16928pt x 181.06541pt.
File: perceptronAnim/Perceptron-6.pdf Graphic file (type pdf)
<use perceptronAnim/Perceptron-6.pdf>
Package pdftex.def Info: perceptronAnim/Perceptron-6.pdf  used on input line 26
8.
(pdftex.def)             Requested size: 199.16928pt x 181.06541pt.

Overfull \hbox (51.21504pt too wide) in paragraph at lines 268--268
[][][][][][][][][][][][][][][][][][][][][][][][][][][][][][]  
 []

[68

] [69

] [70

] [71

] [72

]
<perceptronAnim/PerceptronLearning-0.pdf, id=2163, 552.0625pt x 501.875pt>
File: perceptronAnim/PerceptronLearning-0.pdf Graphic file (type pdf)
<use perceptronAnim/PerceptronLearning-0.pdf>
Package pdftex.def Info: perceptronAnim/PerceptronLearning-0.pdf  used on input
 line 285.
(pdftex.def)             Requested size: 250.38857pt x 227.62204pt.
<perceptronAnim/PerceptronLearning-1.pdf, id=2164, 552.0625pt x 501.875pt>
File: perceptronAnim/PerceptronLearning-1.pdf Graphic file (type pdf)
<use perceptronAnim/PerceptronLearning-1.pdf>
Package pdftex.def Info: perceptronAnim/PerceptronLearning-1.pdf  used on input
 line 285.
(pdftex.def)             Requested size: 250.38857pt x 227.62204pt.
<perceptronAnim/PerceptronLearning-2.pdf, id=2165, 552.0625pt x 501.875pt>
File: perceptronAnim/PerceptronLearning-2.pdf Graphic file (type pdf)
<use perceptronAnim/PerceptronLearning-2.pdf>
Package pdftex.def Info: perceptronAnim/PerceptronLearning-2.pdf  used on input
 line 285.
(pdftex.def)             Requested size: 250.38857pt x 227.62204pt.
<perceptronAnim/PerceptronLearning-3.pdf, id=2166, 552.0625pt x 501.875pt>
File: perceptronAnim/PerceptronLearning-3.pdf Graphic file (type pdf)
<use perceptronAnim/PerceptronLearning-3.pdf>
Package pdftex.def Info: perceptronAnim/PerceptronLearning-3.pdf  used on input
 line 285.
(pdftex.def)             Requested size: 250.38857pt x 227.62204pt.
<perceptronAnim/PerceptronLearning-4.pdf, id=2167, 552.0625pt x 501.875pt>
File: perceptronAnim/PerceptronLearning-4.pdf Graphic file (type pdf)
<use perceptronAnim/PerceptronLearning-4.pdf>
Package pdftex.def Info: perceptronAnim/PerceptronLearning-4.pdf  used on input
 line 285.
(pdftex.def)             Requested size: 250.38857pt x 227.62204pt.
<perceptronAnim/PerceptronLearning-5.pdf, id=2168, 552.0625pt x 501.875pt>
File: perceptronAnim/PerceptronLearning-5.pdf Graphic file (type pdf)
<use perceptronAnim/PerceptronLearning-5.pdf>
Package pdftex.def Info: perceptronAnim/PerceptronLearning-5.pdf  used on input
 line 285.
(pdftex.def)             Requested size: 250.38857pt x 227.62204pt.

Overfull \vbox (20.33846pt too high) detected at line 285
 []

[73

 <./perceptronAnim/PerceptronLearning-0.pdf> <./perceptronAnim/PerceptronLearni
ng-1.pdf> <./perceptronAnim/PerceptronLearning-2.pdf> <./perceptronAnim/Percept
ronLearning-3.pdf> <./perceptronAnim/PerceptronLearning-4.pdf> <./perceptronAni
m/PerceptronLearning-5.pdf>]
File: perceptronAnim/PerceptronLearning-0.pdf Graphic file (type pdf)
<use perceptronAnim/PerceptronLearning-0.pdf>
Package pdftex.def Info: perceptronAnim/PerceptronLearning-0.pdf  used on input
 line 285.
(pdftex.def)             Requested size: 250.38857pt x 227.62204pt.
File: perceptronAnim/PerceptronLearning-1.pdf Graphic file (type pdf)
<use perceptronAnim/PerceptronLearning-1.pdf>
Package pdftex.def Info: perceptronAnim/PerceptronLearning-1.pdf  used on input
 line 285.
(pdftex.def)             Requested size: 250.38857pt x 227.62204pt.
File: perceptronAnim/PerceptronLearning-2.pdf Graphic file (type pdf)
<use perceptronAnim/PerceptronLearning-2.pdf>
Package pdftex.def Info: perceptronAnim/PerceptronLearning-2.pdf  used on input
 line 285.
(pdftex.def)             Requested size: 250.38857pt x 227.62204pt.
File: perceptronAnim/PerceptronLearning-3.pdf Graphic file (type pdf)
<use perceptronAnim/PerceptronLearning-3.pdf>
Package pdftex.def Info: perceptronAnim/PerceptronLearning-3.pdf  used on input
 line 285.
(pdftex.def)             Requested size: 250.38857pt x 227.62204pt.
File: perceptronAnim/PerceptronLearning-4.pdf Graphic file (type pdf)
<use perceptronAnim/PerceptronLearning-4.pdf>
Package pdftex.def Info: perceptronAnim/PerceptronLearning-4.pdf  used on input
 line 285.
(pdftex.def)             Requested size: 250.38857pt x 227.62204pt.
File: perceptronAnim/PerceptronLearning-5.pdf Graphic file (type pdf)
<use perceptronAnim/PerceptronLearning-5.pdf>
Package pdftex.def Info: perceptronAnim/PerceptronLearning-5.pdf  used on input
 line 285.
(pdftex.def)             Requested size: 250.38857pt x 227.62204pt.

Overfull \vbox (20.33846pt too high) detected at line 285
 []

[74

]
File: perceptronAnim/PerceptronLearning-0.pdf Graphic file (type pdf)
<use perceptronAnim/PerceptronLearning-0.pdf>
Package pdftex.def Info: perceptronAnim/PerceptronLearning-0.pdf  used on input
 line 285.
(pdftex.def)             Requested size: 250.38857pt x 227.62204pt.
File: perceptronAnim/PerceptronLearning-1.pdf Graphic file (type pdf)
<use perceptronAnim/PerceptronLearning-1.pdf>
Package pdftex.def Info: perceptronAnim/PerceptronLearning-1.pdf  used on input
 line 285.
(pdftex.def)             Requested size: 250.38857pt x 227.62204pt.
File: perceptronAnim/PerceptronLearning-2.pdf Graphic file (type pdf)
<use perceptronAnim/PerceptronLearning-2.pdf>
Package pdftex.def Info: perceptronAnim/PerceptronLearning-2.pdf  used on input
 line 285.
(pdftex.def)             Requested size: 250.38857pt x 227.62204pt.
File: perceptronAnim/PerceptronLearning-3.pdf Graphic file (type pdf)
<use perceptronAnim/PerceptronLearning-3.pdf>
Package pdftex.def Info: perceptronAnim/PerceptronLearning-3.pdf  used on input
 line 285.
(pdftex.def)             Requested size: 250.38857pt x 227.62204pt.
File: perceptronAnim/PerceptronLearning-4.pdf Graphic file (type pdf)
<use perceptronAnim/PerceptronLearning-4.pdf>
Package pdftex.def Info: perceptronAnim/PerceptronLearning-4.pdf  used on input
 line 285.
(pdftex.def)             Requested size: 250.38857pt x 227.62204pt.
File: perceptronAnim/PerceptronLearning-5.pdf Graphic file (type pdf)
<use perceptronAnim/PerceptronLearning-5.pdf>
Package pdftex.def Info: perceptronAnim/PerceptronLearning-5.pdf  used on input
 line 285.
(pdftex.def)             Requested size: 250.38857pt x 227.62204pt.

Overfull \vbox (20.33846pt too high) detected at line 285
 []

[75

]
File: perceptronAnim/PerceptronLearning-0.pdf Graphic file (type pdf)
<use perceptronAnim/PerceptronLearning-0.pdf>
Package pdftex.def Info: perceptronAnim/PerceptronLearning-0.pdf  used on input
 line 285.
(pdftex.def)             Requested size: 250.38857pt x 227.62204pt.
File: perceptronAnim/PerceptronLearning-1.pdf Graphic file (type pdf)
<use perceptronAnim/PerceptronLearning-1.pdf>
Package pdftex.def Info: perceptronAnim/PerceptronLearning-1.pdf  used on input
 line 285.
(pdftex.def)             Requested size: 250.38857pt x 227.62204pt.
File: perceptronAnim/PerceptronLearning-2.pdf Graphic file (type pdf)
<use perceptronAnim/PerceptronLearning-2.pdf>
Package pdftex.def Info: perceptronAnim/PerceptronLearning-2.pdf  used on input
 line 285.
(pdftex.def)             Requested size: 250.38857pt x 227.62204pt.
File: perceptronAnim/PerceptronLearning-3.pdf Graphic file (type pdf)
<use perceptronAnim/PerceptronLearning-3.pdf>
Package pdftex.def Info: perceptronAnim/PerceptronLearning-3.pdf  used on input
 line 285.
(pdftex.def)             Requested size: 250.38857pt x 227.62204pt.
File: perceptronAnim/PerceptronLearning-4.pdf Graphic file (type pdf)
<use perceptronAnim/PerceptronLearning-4.pdf>
Package pdftex.def Info: perceptronAnim/PerceptronLearning-4.pdf  used on input
 line 285.
(pdftex.def)             Requested size: 250.38857pt x 227.62204pt.
File: perceptronAnim/PerceptronLearning-5.pdf Graphic file (type pdf)
<use perceptronAnim/PerceptronLearning-5.pdf>
Package pdftex.def Info: perceptronAnim/PerceptronLearning-5.pdf  used on input
 line 285.
(pdftex.def)             Requested size: 250.38857pt x 227.62204pt.

Overfull \vbox (20.33846pt too high) detected at line 285
 []

[76

]
File: perceptronAnim/PerceptronLearning-0.pdf Graphic file (type pdf)
<use perceptronAnim/PerceptronLearning-0.pdf>
Package pdftex.def Info: perceptronAnim/PerceptronLearning-0.pdf  used on input
 line 285.
(pdftex.def)             Requested size: 250.38857pt x 227.62204pt.
File: perceptronAnim/PerceptronLearning-1.pdf Graphic file (type pdf)
<use perceptronAnim/PerceptronLearning-1.pdf>
Package pdftex.def Info: perceptronAnim/PerceptronLearning-1.pdf  used on input
 line 285.
(pdftex.def)             Requested size: 250.38857pt x 227.62204pt.
File: perceptronAnim/PerceptronLearning-2.pdf Graphic file (type pdf)
<use perceptronAnim/PerceptronLearning-2.pdf>
Package pdftex.def Info: perceptronAnim/PerceptronLearning-2.pdf  used on input
 line 285.
(pdftex.def)             Requested size: 250.38857pt x 227.62204pt.
File: perceptronAnim/PerceptronLearning-3.pdf Graphic file (type pdf)
<use perceptronAnim/PerceptronLearning-3.pdf>
Package pdftex.def Info: perceptronAnim/PerceptronLearning-3.pdf  used on input
 line 285.
(pdftex.def)             Requested size: 250.38857pt x 227.62204pt.
File: perceptronAnim/PerceptronLearning-4.pdf Graphic file (type pdf)
<use perceptronAnim/PerceptronLearning-4.pdf>
Package pdftex.def Info: perceptronAnim/PerceptronLearning-4.pdf  used on input
 line 285.
(pdftex.def)             Requested size: 250.38857pt x 227.62204pt.
File: perceptronAnim/PerceptronLearning-5.pdf Graphic file (type pdf)
<use perceptronAnim/PerceptronLearning-5.pdf>
Package pdftex.def Info: perceptronAnim/PerceptronLearning-5.pdf  used on input
 line 285.
(pdftex.def)             Requested size: 250.38857pt x 227.62204pt.

Overfull \vbox (20.33846pt too high) detected at line 285
 []

[77

]
File: perceptronAnim/PerceptronLearning-0.pdf Graphic file (type pdf)
<use perceptronAnim/PerceptronLearning-0.pdf>
Package pdftex.def Info: perceptronAnim/PerceptronLearning-0.pdf  used on input
 line 285.
(pdftex.def)             Requested size: 250.38857pt x 227.62204pt.
File: perceptronAnim/PerceptronLearning-1.pdf Graphic file (type pdf)
<use perceptronAnim/PerceptronLearning-1.pdf>
Package pdftex.def Info: perceptronAnim/PerceptronLearning-1.pdf  used on input
 line 285.
(pdftex.def)             Requested size: 250.38857pt x 227.62204pt.
File: perceptronAnim/PerceptronLearning-2.pdf Graphic file (type pdf)
<use perceptronAnim/PerceptronLearning-2.pdf>
Package pdftex.def Info: perceptronAnim/PerceptronLearning-2.pdf  used on input
 line 285.
(pdftex.def)             Requested size: 250.38857pt x 227.62204pt.
File: perceptronAnim/PerceptronLearning-3.pdf Graphic file (type pdf)
<use perceptronAnim/PerceptronLearning-3.pdf>
Package pdftex.def Info: perceptronAnim/PerceptronLearning-3.pdf  used on input
 line 285.
(pdftex.def)             Requested size: 250.38857pt x 227.62204pt.
File: perceptronAnim/PerceptronLearning-4.pdf Graphic file (type pdf)
<use perceptronAnim/PerceptronLearning-4.pdf>
Package pdftex.def Info: perceptronAnim/PerceptronLearning-4.pdf  used on input
 line 285.
(pdftex.def)             Requested size: 250.38857pt x 227.62204pt.
File: perceptronAnim/PerceptronLearning-5.pdf Graphic file (type pdf)
<use perceptronAnim/PerceptronLearning-5.pdf>
Package pdftex.def Info: perceptronAnim/PerceptronLearning-5.pdf  used on input
 line 285.
(pdftex.def)             Requested size: 250.38857pt x 227.62204pt.

Overfull \vbox (20.33846pt too high) detected at line 285
 []

[78

] [79

] [80

]
<PerceptronAnim/PerceptronError.pdf, id=2443, 552.0625pt x 501.875pt>
File: PerceptronAnim/PerceptronError.pdf Graphic file (type pdf)
<use PerceptronAnim/PerceptronError.pdf>
Package pdftex.def Info: PerceptronAnim/PerceptronError.pdf  used on input line
 306.
(pdftex.def)             Requested size: 312.99413pt x 284.52756pt.

Overfull \hbox (5.70425pt too wide) in paragraph at lines 306--306
[][][]  
 []


Overfull \vbox (137.90567pt too high) detected at line 306
 []

[81

 <./PerceptronAnim/PerceptronError.pdf>]
File: PerceptronAnim/PerceptronError.pdf Graphic file (type pdf)
<use PerceptronAnim/PerceptronError.pdf>
Package pdftex.def Info: PerceptronAnim/PerceptronError.pdf  used on input line
 306.
(pdftex.def)             Requested size: 312.99413pt x 284.52756pt.

Overfull \hbox (5.70425pt too wide) in paragraph at lines 306--306
[][][][]  
 []


Overfull \vbox (137.90567pt too high) detected at line 306
 []

[82

]
File: PerceptronAnim/PerceptronError.pdf Graphic file (type pdf)
<use PerceptronAnim/PerceptronError.pdf>
Package pdftex.def Info: PerceptronAnim/PerceptronError.pdf  used on input line
 306.
(pdftex.def)             Requested size: 312.99413pt x 284.52756pt.

Overfull \hbox (5.70425pt too wide) in paragraph at lines 306--306
[][][][][]  
 []


Overfull \vbox (137.90567pt too high) detected at line 306
 []

[83

]
LaTeX Font Info:    Font shape `T1/phv/m/it' in size <14.4> not available
(Font)              Font shape `T1/phv/m/sl' tried instead on input line 320.
 [84

] [85

] [86

] [87

] [88

] [89

] [90

] [91

] [92

] [93

] [94

] [95

] [96

] [97

]
[98

] [99

] [100

] [101

] [102

] [103

]
LaTeX Font Info:    Trying to load font information for T1+ptm on input line 38
6.

(/usr/local/texlive/2024/texmf-dist/tex/latex/psnfss/t1ptm.fd
File: t1ptm.fd 2001/06/04 font definitions for T1/ptm.
) [104

] [105

]
[106

] [107

] [108

] [109

] [110

] [111

] [112

] [113

] [114

] [115

] [116

] [117

]
[118

] [119

] [120

] [121

]
Overfull \hbox (19.16417pt too wide) detected at line 505
\T1/phv/m/sl/10.95 x[] \OT1/cmss/m/n/10.95 = \T1/phv/m/sl/10.95 x[] \OT1/cmss/m
/n/10.95 = [] [] \T1/phv/m/sl/10.95 y[] \OT1/cmss/m/n/10.95 = [] \OMS/cmsy/m/n/
10.95 ^^A [] \OT1/cmss/m/n/10.95 = [] \OMS/cmsy/m/n/10.95 ^^A []
 []


Overfull \hbox (18.83748pt too wide) in alignment at lines 505--505
 [][][] []
 []

[122

]
\tf@nav=\write6
\openout6 = `talk1.nav'.

\tf@toc=\write7
\openout7 = `talk1.toc'.

\tf@snm=\write8
\openout8 = `talk1.snm'.

 (./talk1.aux)
 ***********
LaTeX2e <2023-11-01> patch level 1
L3 programming layer <2024-02-20>
 ***********
Package rerunfilecheck Info: File `talk1.out' has not changed.
(rerunfilecheck)             Checksum: F077FD92B9C2F0E181DE657EFA8BD09B;502.
 ) 
Here is how much of TeX's memory you used:
 23556 strings out of 474116
 449347 string characters out of 5743682
 1948187 words of memory out of 5000000
 45164 multiletter control sequences out of 15000+600000
 619875 words of font info for 108 fonts, out of 8000000 for 9000
 1141 hyphenation exceptions out of 8191
 128i,14n,123p,380b,929s stack positions out of 10000i,1000n,20000p,200000b,200000s
</usr/local/texlive/2024/texmf-dist/fonts/type1/public/amsfonts/cm/cmex10.pfb
></usr/local/texlive/2024/texmf-dist/fonts/type1/public/amsfonts/cm/cmmi10.pfb>
</usr/local/texlive/2024/texmf-dist/fonts/type1/public/amsfonts/cm/cmmi12.pfb><
/usr/local/texlive/2024/texmf-dist/fonts/type1/public/amsfonts/cm/cmmi8.pfb></u
sr/local/texlive/2024/texmf-dist/fonts/type1/public/amsfonts/cm/cmss10.pfb></us
r/local/texlive/2024/texmf-dist/fonts/type1/public/amsfonts/cm/cmss8.pfb></usr/
local/texlive/2024/texmf-dist/fonts/type1/public/amsfonts/cm/cmsy10.pfb></usr/l
ocal/texlive/2024/texmf-dist/fonts/type1/public/amsfonts/cm/cmsy6.pfb></usr/loc
al/texlive/2024/texmf-dist/fonts/type1/public/amsfonts/cm/cmsy8.pfb></usr/local
/texlive/2024/texmf-dist/fonts/type1/public/amsfonts/symbols/msam10.pfb></usr/l
ocal/texlive/2024/texmf-dist/fonts/type1/urw/helvetic/uhvb8a.pfb></usr/local/te
xlive/2024/texmf-dist/fonts/type1/urw/helvetic/uhvr8a.pfb></usr/local/texlive/2
024/texmf-dist/fonts/type1/urw/helvetic/uhvro8a.pfb></usr/local/texlive/2024/te
xmf-dist/fonts/type1/urw/times/utmr8a.pfb>
Output written on talk1.pdf (122 pages, 457765 bytes).
PDF statistics:
 3800 PDF objects out of 4296 (max. 8388607)
 3388 compressed objects within 34 object streams
 249 named destinations out of 1000 (max. 500000)
 150 words of extra memory for PDF output out of 10000 (max. 10000000)

